{"C:\\Users\\wesse\\Desktop\\Traning\\index.js": {"path":"C:\\Users\\wesse\\Desktop\\Traning\\index.js","statementMap":{"0":{"start":{"line":13,"column":12},"end":{"line":13,"column":21}},"1":{"start":{"line":14,"column":13},"end":{"line":14,"column":37}},"2":{"start":{"line":18,"column":0},"end":{"line":18,"column":17}},"3":{"start":{"line":20,"column":19},"end":{"line":25,"column":1}},"4":{"start":{"line":27,"column":19},"end":{"line":33,"column":2}},"5":{"start":{"line":37,"column":0},"end":{"line":37,"column":26}},"6":{"start":{"line":38,"column":0},"end":{"line":38,"column":23}},"7":{"start":{"line":40,"column":0},"end":{"line":40,"column":19}},"8":{"start":{"line":41,"column":0},"end":{"line":41,"column":15}},"9":{"start":{"line":43,"column":0},"end":{"line":43,"column":25}},"10":{"start":{"line":44,"column":0},"end":{"line":44,"column":27}},"11":{"start":{"line":45,"column":0},"end":{"line":45,"column":26}},"12":{"start":{"line":47,"column":0},"end":{"line":49,"column":2}},"13":{"start":{"line":48,"column":3},"end":{"line":48,"column":44}}},"fnMap":{"0":{"name":"(anonymous_0)","decl":{"start":{"line":47,"column":8},"end":{"line":47,"column":9}},"loc":{"start":{"line":47,"column":27},"end":{"line":49,"column":1}},"line":47}},"branchMap":{"0":{"loc":{"start":{"line":14,"column":13},"end":{"line":14,"column":37}},"type":"binary-expr","locations":[{"start":{"line":14,"column":13},"end":{"line":14,"column":29}},{"start":{"line":14,"column":33},"end":{"line":14,"column":37}}],"line":14},"1":{"loc":{"start":{"line":21,"column":11},"end":{"line":21,"column":60}},"type":"binary-expr","locations":[{"start":{"line":21,"column":11},"end":{"line":21,"column":33}},{"start":{"line":21,"column":37},"end":{"line":21,"column":60}}],"line":21}},"s":{"0":2,"1":2,"2":2,"3":2,"4":2,"5":2,"6":2,"7":2,"8":2,"9":2,"10":2,"11":2,"12":2,"13":0},"f":{"0":0},"b":{"0":[2,0],"1":[2,0]},"_coverageSchema":"1a1c01bbd47fc00a2c39e90264f33305004495a9","hash":"8493d36782693f081776ea2bf58d9e65454b4b16"}
,"C:\\Users\\wesse\\Desktop\\Traning\\config\\cloudinary.js": {"path":"C:\\Users\\wesse\\Desktop\\Traning\\config\\cloudinary.js","statementMap":{"0":{"start":{"line":4,"column":0},"end":{"line":8,"column":2}}},"fnMap":{},"branchMap":{},"s":{"0":2},"f":{},"b":{},"_coverageSchema":"1a1c01bbd47fc00a2c39e90264f33305004495a9","hash":"c9fe50003a6337db8cb1da90170033aaf59c3318"}
,"C:\\Users\\wesse\\Desktop\\Traning\\controller\\auth.js": {"path":"C:\\Users\\wesse\\Desktop\\Traning\\controller\\auth.js","statementMap":{"0":{"start":{"line":9,"column":20},"end":{"line":9,"column":64}},"1":{"start":{"line":10,"column":14},"end":{"line":10,"column":56}},"2":{"start":{"line":14,"column":17},"end":{"line":22,"column":1}},"3":{"start":{"line":15,"column":2},"end":{"line":20,"column":3}},"4":{"start":{"line":16,"column":16},"end":{"line":16,"column":46}},"5":{"start":{"line":17,"column":4},"end":{"line":17,"column":26}},"6":{"start":{"line":19,"column":4},"end":{"line":19,"column":13}},"7":{"start":{"line":25,"column":17},"end":{"line":27,"column":1}},"8":{"start":{"line":26,"column":1},"end":{"line":26,"column":55}},"9":{"start":{"line":30,"column":19},"end":{"line":35,"column":5}},"10":{"start":{"line":31,"column":4},"end":{"line":35,"column":5}},"11":{"start":{"line":39,"column":28},"end":{"line":78,"column":1}},"12":{"start":{"line":41,"column":0},"end":{"line":76,"column":1}},"13":{"start":{"line":42,"column":37},"end":{"line":42,"column":45}},"14":{"start":{"line":46,"column":18},"end":{"line":46,"column":34}},"15":{"start":{"line":47,"column":24},"end":{"line":47,"column":58}},"16":{"start":{"line":47,"column":40},"end":{"line":47,"column":57}},"17":{"start":{"line":49,"column":4},"end":{"line":52,"column":5}},"18":{"start":{"line":50,"column":6},"end":{"line":50,"column":59}},"19":{"start":{"line":54,"column":25},"end":{"line":54,"column":56}},"20":{"start":{"line":56,"column":20},"end":{"line":62,"column":5}},"21":{"start":{"line":66,"column":4},"end":{"line":66,"column":23}},"22":{"start":{"line":68,"column":5},"end":{"line":68,"column":26}},"23":{"start":{"line":69,"column":19},"end":{"line":69,"column":37}},"24":{"start":{"line":72,"column":0},"end":{"line":72,"column":111}},"25":{"start":{"line":75,"column":3},"end":{"line":75,"column":12}},"26":{"start":{"line":82,"column":25},"end":{"line":105,"column":1}},"27":{"start":{"line":84,"column":1},"end":{"line":103,"column":2}},"28":{"start":{"line":86,"column":28},"end":{"line":86,"column":36}},"29":{"start":{"line":89,"column":16},"end":{"line":89,"column":32}},"30":{"start":{"line":90,"column":15},"end":{"line":90,"column":49}},"31":{"start":{"line":90,"column":31},"end":{"line":90,"column":48}},"32":{"start":{"line":92,"column":2},"end":{"line":95,"column":3}},"33":{"start":{"line":93,"column":4},"end":{"line":93,"column":50}},"34":{"start":{"line":97,"column":16},"end":{"line":97,"column":31}},"35":{"start":{"line":99,"column":3},"end":{"line":99,"column":123}},"36":{"start":{"line":102,"column":3},"end":{"line":102,"column":12}},"37":{"start":{"line":109,"column":21},"end":{"line":111,"column":1}},"38":{"start":{"line":110,"column":4},"end":{"line":110,"column":30}}},"fnMap":{"0":{"name":"(anonymous_0)","decl":{"start":{"line":14,"column":17},"end":{"line":14,"column":18}},"loc":{"start":{"line":14,"column":29},"end":{"line":22,"column":1}},"line":14},"1":{"name":"(anonymous_1)","decl":{"start":{"line":25,"column":17},"end":{"line":25,"column":18}},"loc":{"start":{"line":25,"column":34},"end":{"line":27,"column":1}},"line":25},"2":{"name":"(anonymous_2)","decl":{"start":{"line":30,"column":19},"end":{"line":30,"column":20}},"loc":{"start":{"line":31,"column":4},"end":{"line":35,"column":5}},"line":31},"3":{"name":"(anonymous_3)","decl":{"start":{"line":39,"column":28},"end":{"line":39,"column":29}},"loc":{"start":{"line":39,"column":53},"end":{"line":78,"column":1}},"line":39},"4":{"name":"(anonymous_4)","decl":{"start":{"line":47,"column":35},"end":{"line":47,"column":36}},"loc":{"start":{"line":47,"column":40},"end":{"line":47,"column":57}},"line":47},"5":{"name":"(anonymous_5)","decl":{"start":{"line":82,"column":25},"end":{"line":82,"column":26}},"loc":{"start":{"line":82,"column":50},"end":{"line":105,"column":1}},"line":82},"6":{"name":"(anonymous_6)","decl":{"start":{"line":90,"column":26},"end":{"line":90,"column":27}},"loc":{"start":{"line":90,"column":31},"end":{"line":90,"column":48}},"line":90},"7":{"name":"(anonymous_7)","decl":{"start":{"line":109,"column":21},"end":{"line":109,"column":22}},"loc":{"start":{"line":109,"column":34},"end":{"line":111,"column":1}},"line":109}},"branchMap":{"0":{"loc":{"start":{"line":49,"column":4},"end":{"line":52,"column":5}},"type":"if","locations":[{"start":{"line":49,"column":4},"end":{"line":52,"column":5}},{"start":{},"end":{}}],"line":49},"1":{"loc":{"start":{"line":92,"column":2},"end":{"line":95,"column":3}},"type":"if","locations":[{"start":{"line":92,"column":2},"end":{"line":95,"column":3}},{"start":{},"end":{}}],"line":92},"2":{"loc":{"start":{"line":92,"column":5},"end":{"line":92,"column":62}},"type":"binary-expr","locations":[{"start":{"line":92,"column":5},"end":{"line":92,"column":10}},{"start":{"line":92,"column":14},"end":{"line":92,"column":62}}],"line":92}},"s":{"0":2,"1":2,"2":2,"3":9,"4":9,"5":9,"6":0,"7":2,"8":3,"9":2,"10":6,"11":2,"12":4,"13":4,"14":4,"15":4,"16":22,"17":4,"18":1,"19":3,"20":3,"21":3,"22":3,"23":3,"24":3,"25":1,"26":2,"27":5,"28":5,"29":5,"30":5,"31":32,"32":5,"33":2,"34":3,"35":3,"36":2,"37":2,"38":0},"f":{"0":9,"1":3,"2":6,"3":4,"4":22,"5":5,"6":32,"7":0},"b":{"0":[1,3],"1":[2,3],"2":[5,4]},"_coverageSchema":"1a1c01bbd47fc00a2c39e90264f33305004495a9","hash":"d0657449c64facb4bf3c5b1485f634bc446e7d83"}
,"C:\\Users\\wesse\\Desktop\\Traning\\controller\\todo.js": {"path":"C:\\Users\\wesse\\Desktop\\Traning\\controller\\todo.js","statementMap":{"0":{"start":{"line":10,"column":19},"end":{"line":10,"column":63}},"1":{"start":{"line":11,"column":11},"end":{"line":11,"column":52}},"2":{"start":{"line":15,"column":16},"end":{"line":22,"column":1}},"3":{"start":{"line":16,"column":4},"end":{"line":21,"column":5}},"4":{"start":{"line":17,"column":20},"end":{"line":17,"column":49}},"5":{"start":{"line":18,"column":4},"end":{"line":18,"column":26}},"6":{"start":{"line":20,"column":8},"end":{"line":20,"column":17}},"7":{"start":{"line":24,"column":17},"end":{"line":26,"column":1}},"8":{"start":{"line":25,"column":4},"end":{"line":25,"column":64}},"9":{"start":{"line":31,"column":26},"end":{"line":61,"column":1}},"10":{"start":{"line":33,"column":1},"end":{"line":60,"column":2}},"11":{"start":{"line":34,"column":20},"end":{"line":34,"column":29}},"12":{"start":{"line":35,"column":20},"end":{"line":35,"column":31}},"13":{"start":{"line":37,"column":14},"end":{"line":37,"column":29}},"14":{"start":{"line":38,"column":13},"end":{"line":38,"column":50}},"15":{"start":{"line":38,"column":30},"end":{"line":38,"column":49}},"16":{"start":{"line":41,"column":3},"end":{"line":43,"column":7}},"17":{"start":{"line":42,"column":5},"end":{"line":42,"column":67}},"18":{"start":{"line":46,"column":5},"end":{"line":51,"column":5}},"19":{"start":{"line":47,"column":8},"end":{"line":47,"column":96}},"20":{"start":{"line":47,"column":32},"end":{"line":47,"column":95}},"21":{"start":{"line":48,"column":6},"end":{"line":50,"column":7}},"22":{"start":{"line":49,"column":7},"end":{"line":49,"column":48}},"23":{"start":{"line":54,"column":0},"end":{"line":56,"column":11}},"24":{"start":{"line":58,"column":4},"end":{"line":58,"column":13}},"25":{"start":{"line":64,"column":27},"end":{"line":87,"column":1}},"26":{"start":{"line":65,"column":4},"end":{"line":86,"column":2}},"27":{"start":{"line":66,"column":21},"end":{"line":66,"column":42}},"28":{"start":{"line":67,"column":23},"end":{"line":67,"column":34}},"29":{"start":{"line":68,"column":16},"end":{"line":68,"column":31}},"30":{"start":{"line":69,"column":15},"end":{"line":69,"column":47}},"31":{"start":{"line":69,"column":35},"end":{"line":69,"column":46}},"32":{"start":{"line":73,"column":4},"end":{"line":76,"column":7}},"33":{"start":{"line":74,"column":8},"end":{"line":74,"column":64}},"34":{"start":{"line":77,"column":0},"end":{"line":80,"column":1}},"35":{"start":{"line":78,"column":4},"end":{"line":78,"column":78}},"36":{"start":{"line":81,"column":2},"end":{"line":81,"column":43}},"37":{"start":{"line":84,"column":4},"end":{"line":84,"column":13}},"38":{"start":{"line":92,"column":26},"end":{"line":115,"column":1}},"39":{"start":{"line":93,"column":4},"end":{"line":114,"column":5}},"40":{"start":{"line":94,"column":21},"end":{"line":94,"column":29}},"41":{"start":{"line":97,"column":16},"end":{"line":97,"column":31}},"42":{"start":{"line":99,"column":21},"end":{"line":105,"column":6}},"43":{"start":{"line":107,"column":5},"end":{"line":107,"column":24}},"44":{"start":{"line":108,"column":3},"end":{"line":108,"column":24}},"45":{"start":{"line":110,"column":6},"end":{"line":110,"column":83}},"46":{"start":{"line":113,"column":6},"end":{"line":113,"column":15}},"47":{"start":{"line":120,"column":26},"end":{"line":152,"column":1}},"48":{"start":{"line":122,"column":4},"end":{"line":151,"column":5}},"49":{"start":{"line":123,"column":19},"end":{"line":123,"column":40}},"50":{"start":{"line":124,"column":23},"end":{"line":124,"column":34}},"51":{"start":{"line":126,"column":22},"end":{"line":126,"column":37}},"52":{"start":{"line":127,"column":15},"end":{"line":127,"column":47}},"53":{"start":{"line":127,"column":35},"end":{"line":127,"column":46}},"54":{"start":{"line":129,"column":9},"end":{"line":131,"column":7}},"55":{"start":{"line":130,"column":7},"end":{"line":130,"column":63}},"56":{"start":{"line":132,"column":0},"end":{"line":134,"column":1}},"57":{"start":{"line":133,"column":2},"end":{"line":133,"column":76}},"58":{"start":{"line":135,"column":33},"end":{"line":135,"column":41}},"59":{"start":{"line":137,"column":8},"end":{"line":139,"column":9}},"60":{"start":{"line":138,"column":12},"end":{"line":138,"column":35}},"61":{"start":{"line":141,"column":8},"end":{"line":143,"column":9}},"62":{"start":{"line":142,"column":12},"end":{"line":142,"column":45}},"63":{"start":{"line":146,"column":4},"end":{"line":146,"column":25}},"64":{"start":{"line":148,"column":4},"end":{"line":148,"column":78}},"65":{"start":{"line":150,"column":8},"end":{"line":150,"column":17}},"66":{"start":{"line":155,"column":26},"end":{"line":175,"column":1}},"67":{"start":{"line":156,"column":0},"end":{"line":174,"column":5}},"68":{"start":{"line":157,"column":15},"end":{"line":157,"column":36}},"69":{"start":{"line":158,"column":13},"end":{"line":158,"column":28}},"70":{"start":{"line":159,"column":16},"end":{"line":159,"column":49}},"71":{"start":{"line":159,"column":37},"end":{"line":159,"column":48}},"72":{"start":{"line":160,"column":15},"end":{"line":160,"column":26}},"73":{"start":{"line":161,"column":4},"end":{"line":163,"column":5}},"74":{"start":{"line":162,"column":7},"end":{"line":162,"column":63}},"75":{"start":{"line":164,"column":0},"end":{"line":166,"column":1}},"76":{"start":{"line":165,"column":3},"end":{"line":165,"column":77}},"77":{"start":{"line":167,"column":20},"end":{"line":167,"column":30}},"78":{"start":{"line":168,"column":3},"end":{"line":168,"column":41}},"79":{"start":{"line":168,"column":29},"end":{"line":168,"column":40}},"80":{"start":{"line":169,"column":0},"end":{"line":169,"column":21}},"81":{"start":{"line":171,"column":0},"end":{"line":171,"column":75}},"82":{"start":{"line":173,"column":7},"end":{"line":173,"column":16}}},"fnMap":{"0":{"name":"(anonymous_0)","decl":{"start":{"line":15,"column":16},"end":{"line":15,"column":17}},"loc":{"start":{"line":15,"column":28},"end":{"line":22,"column":1}},"line":15},"1":{"name":"(anonymous_1)","decl":{"start":{"line":24,"column":17},"end":{"line":24,"column":18}},"loc":{"start":{"line":24,"column":34},"end":{"line":26,"column":1}},"line":24},"2":{"name":"(anonymous_2)","decl":{"start":{"line":31,"column":26},"end":{"line":31,"column":27}},"loc":{"start":{"line":31,"column":50},"end":{"line":61,"column":1}},"line":31},"3":{"name":"(anonymous_3)","decl":{"start":{"line":38,"column":26},"end":{"line":38,"column":27}},"loc":{"start":{"line":38,"column":30},"end":{"line":38,"column":49}},"line":38},"4":{"name":"(anonymous_4)","decl":{"start":{"line":47,"column":27},"end":{"line":47,"column":28}},"loc":{"start":{"line":47,"column":32},"end":{"line":47,"column":95}},"line":47},"5":{"name":"(anonymous_5)","decl":{"start":{"line":64,"column":27},"end":{"line":64,"column":28}},"loc":{"start":{"line":64,"column":51},"end":{"line":87,"column":1}},"line":64},"6":{"name":"(anonymous_6)","decl":{"start":{"line":69,"column":31},"end":{"line":69,"column":32}},"loc":{"start":{"line":69,"column":35},"end":{"line":69,"column":46}},"line":69},"7":{"name":"(anonymous_7)","decl":{"start":{"line":92,"column":26},"end":{"line":92,"column":27}},"loc":{"start":{"line":92,"column":50},"end":{"line":115,"column":1}},"line":92},"8":{"name":"(anonymous_8)","decl":{"start":{"line":120,"column":26},"end":{"line":120,"column":27}},"loc":{"start":{"line":120,"column":51},"end":{"line":152,"column":1}},"line":120},"9":{"name":"(anonymous_9)","decl":{"start":{"line":127,"column":31},"end":{"line":127,"column":32}},"loc":{"start":{"line":127,"column":35},"end":{"line":127,"column":46}},"line":127},"10":{"name":"(anonymous_10)","decl":{"start":{"line":155,"column":26},"end":{"line":155,"column":27}},"loc":{"start":{"line":155,"column":52},"end":{"line":175,"column":1}},"line":155},"11":{"name":"(anonymous_11)","decl":{"start":{"line":159,"column":32},"end":{"line":159,"column":33}},"loc":{"start":{"line":159,"column":37},"end":{"line":159,"column":48}},"line":159},"12":{"name":"(anonymous_12)","decl":{"start":{"line":168,"column":24},"end":{"line":168,"column":25}},"loc":{"start":{"line":168,"column":29},"end":{"line":168,"column":40}},"line":168}},"branchMap":{"0":{"loc":{"start":{"line":41,"column":3},"end":{"line":43,"column":7}},"type":"if","locations":[{"start":{"line":41,"column":3},"end":{"line":43,"column":7}},{"start":{},"end":{}}],"line":41},"1":{"loc":{"start":{"line":46,"column":5},"end":{"line":51,"column":5}},"type":"if","locations":[{"start":{"line":46,"column":5},"end":{"line":51,"column":5}},{"start":{},"end":{}}],"line":46},"2":{"loc":{"start":{"line":46,"column":8},"end":{"line":46,"column":34}},"type":"binary-expr","locations":[{"start":{"line":46,"column":8},"end":{"line":46,"column":12}},{"start":{"line":46,"column":16},"end":{"line":46,"column":34}}],"line":46},"3":{"loc":{"start":{"line":48,"column":6},"end":{"line":50,"column":7}},"type":"if","locations":[{"start":{"line":48,"column":6},"end":{"line":50,"column":7}},{"start":{},"end":{}}],"line":48},"4":{"loc":{"start":{"line":73,"column":4},"end":{"line":76,"column":7}},"type":"if","locations":[{"start":{"line":73,"column":4},"end":{"line":76,"column":7}},{"start":{},"end":{}}],"line":73},"5":{"loc":{"start":{"line":77,"column":0},"end":{"line":80,"column":1}},"type":"if","locations":[{"start":{"line":77,"column":0},"end":{"line":80,"column":1}},{"start":{},"end":{}}],"line":77},"6":{"loc":{"start":{"line":129,"column":9},"end":{"line":131,"column":7}},"type":"if","locations":[{"start":{"line":129,"column":9},"end":{"line":131,"column":7}},{"start":{},"end":{}}],"line":129},"7":{"loc":{"start":{"line":132,"column":0},"end":{"line":134,"column":1}},"type":"if","locations":[{"start":{"line":132,"column":0},"end":{"line":134,"column":1}},{"start":{},"end":{}}],"line":132},"8":{"loc":{"start":{"line":137,"column":8},"end":{"line":139,"column":9}},"type":"if","locations":[{"start":{"line":137,"column":8},"end":{"line":139,"column":9}},{"start":{},"end":{}}],"line":137},"9":{"loc":{"start":{"line":141,"column":8},"end":{"line":143,"column":9}},"type":"if","locations":[{"start":{"line":141,"column":8},"end":{"line":143,"column":9}},{"start":{},"end":{}}],"line":141},"10":{"loc":{"start":{"line":161,"column":4},"end":{"line":163,"column":5}},"type":"if","locations":[{"start":{"line":161,"column":4},"end":{"line":163,"column":5}},{"start":{},"end":{}}],"line":161},"11":{"loc":{"start":{"line":164,"column":0},"end":{"line":166,"column":1}},"type":"if","locations":[{"start":{"line":164,"column":0},"end":{"line":166,"column":1}},{"start":{},"end":{}}],"line":164}},"s":{"0":2,"1":2,"2":2,"3":8,"4":8,"5":8,"6":2,"7":2,"8":3,"9":2,"10":1,"11":1,"12":1,"13":1,"14":1,"15":0,"16":1,"17":1,"18":0,"19":0,"20":0,"21":0,"22":0,"23":0,"24":0,"25":2,"26":0,"27":0,"28":0,"29":0,"30":0,"31":0,"32":0,"33":0,"34":0,"35":0,"36":0,"37":0,"38":2,"39":1,"40":1,"41":1,"42":1,"43":1,"44":1,"45":1,"46":0,"47":2,"48":3,"49":3,"50":3,"51":3,"52":3,"53":3,"54":3,"55":1,"56":2,"57":1,"58":1,"59":1,"60":1,"61":1,"62":0,"63":1,"64":1,"65":2,"66":2,"67":3,"68":3,"69":3,"70":3,"71":2,"72":3,"73":3,"74":1,"75":2,"76":1,"77":1,"78":1,"79":1,"80":1,"81":1,"82":2},"f":{"0":8,"1":3,"2":1,"3":0,"4":0,"5":0,"6":0,"7":1,"8":3,"9":3,"10":3,"11":2,"12":1},"b":{"0":[1,0],"1":[0,0],"2":[0,0],"3":[0,0],"4":[0,0],"5":[0,0],"6":[1,2],"7":[1,1],"8":[1,0],"9":[0,1],"10":[1,2],"11":[1,1]},"_coverageSchema":"1a1c01bbd47fc00a2c39e90264f33305004495a9","hash":"f261098f64a9ec7a31f3432c8ccae8c94d0bb4d2"}
,"C:\\Users\\wesse\\Desktop\\Traning\\controller\\user.js": {"path":"C:\\Users\\wesse\\Desktop\\Traning\\controller\\user.js","statementMap":{"0":{"start":{"line":9,"column":18},"end":{"line":9,"column":62}},"1":{"start":{"line":10,"column":11},"end":{"line":10,"column":52}},"2":{"start":{"line":14,"column":16},"end":{"line":21,"column":1}},"3":{"start":{"line":15,"column":4},"end":{"line":20,"column":5}},"4":{"start":{"line":16,"column":15},"end":{"line":16,"column":46}},"5":{"start":{"line":17,"column":3},"end":{"line":17,"column":25}},"6":{"start":{"line":19,"column":8},"end":{"line":19,"column":17}},"7":{"start":{"line":23,"column":18},"end":{"line":25,"column":1}},"8":{"start":{"line":24,"column":4},"end":{"line":24,"column":49}},"9":{"start":{"line":31,"column":26},"end":{"line":47,"column":1}},"10":{"start":{"line":32,"column":1},"end":{"line":45,"column":2}},"11":{"start":{"line":34,"column":21},"end":{"line":34,"column":32}},"12":{"start":{"line":35,"column":20},"end":{"line":35,"column":35}},"13":{"start":{"line":36,"column":19},"end":{"line":36,"column":51}},"14":{"start":{"line":36,"column":35},"end":{"line":36,"column":50}},"15":{"start":{"line":38,"column":6},"end":{"line":40,"column":7}},"16":{"start":{"line":39,"column":9},"end":{"line":39,"column":52}},"17":{"start":{"line":41,"column":37},"end":{"line":41,"column":41}},"18":{"start":{"line":42,"column":6},"end":{"line":42,"column":44}},"19":{"start":{"line":44,"column":4},"end":{"line":44,"column":13}},"20":{"start":{"line":49,"column":29},"end":{"line":77,"column":1}},"21":{"start":{"line":50,"column":4},"end":{"line":76,"column":5}},"22":{"start":{"line":51,"column":9},"end":{"line":53,"column":5}},"23":{"start":{"line":52,"column":8},"end":{"line":52,"column":51}},"24":{"start":{"line":54,"column":21},"end":{"line":54,"column":36}},"25":{"start":{"line":55,"column":19},"end":{"line":55,"column":61}},"26":{"start":{"line":55,"column":40},"end":{"line":55,"column":60}},"27":{"start":{"line":56,"column":6},"end":{"line":56,"column":62}},"28":{"start":{"line":56,"column":21},"end":{"line":56,"column":62}},"29":{"start":{"line":58,"column":7},"end":{"line":60,"column":8}},"30":{"start":{"line":59,"column":9},"end":{"line":59,"column":57}},"31":{"start":{"line":63,"column":20},"end":{"line":66,"column":7}},"32":{"start":{"line":68,"column":5},"end":{"line":68,"column":42}},"33":{"start":{"line":69,"column":4},"end":{"line":69,"column":48}},"34":{"start":{"line":71,"column":4},"end":{"line":71,"column":25}},"35":{"start":{"line":73,"column":4},"end":{"line":73,"column":96}},"36":{"start":{"line":75,"column":8},"end":{"line":75,"column":17}},"37":{"start":{"line":81,"column":28},"end":{"line":93,"column":1}},"38":{"start":{"line":82,"column":2},"end":{"line":92,"column":3}},"39":{"start":{"line":83,"column":19},"end":{"line":83,"column":34}},"40":{"start":{"line":84,"column":18},"end":{"line":84,"column":54}},"41":{"start":{"line":84,"column":33},"end":{"line":84,"column":53}},"42":{"start":{"line":85,"column":5},"end":{"line":85,"column":55}},"43":{"start":{"line":85,"column":15},"end":{"line":85,"column":55}},"44":{"start":{"line":87,"column":4},"end":{"line":87,"column":81}},"45":{"start":{"line":87,"column":31},"end":{"line":87,"column":81}}},"fnMap":{"0":{"name":"(anonymous_0)","decl":{"start":{"line":14,"column":16},"end":{"line":14,"column":17}},"loc":{"start":{"line":14,"column":28},"end":{"line":21,"column":1}},"line":14},"1":{"name":"(anonymous_1)","decl":{"start":{"line":23,"column":18},"end":{"line":23,"column":19}},"loc":{"start":{"line":23,"column":29},"end":{"line":25,"column":1}},"line":23},"2":{"name":"(anonymous_2)","decl":{"start":{"line":31,"column":26},"end":{"line":31,"column":27}},"loc":{"start":{"line":31,"column":50},"end":{"line":47,"column":1}},"line":31},"3":{"name":"(anonymous_3)","decl":{"start":{"line":36,"column":30},"end":{"line":36,"column":31}},"loc":{"start":{"line":36,"column":35},"end":{"line":36,"column":50}},"line":36},"4":{"name":"(anonymous_4)","decl":{"start":{"line":49,"column":29},"end":{"line":49,"column":30}},"loc":{"start":{"line":49,"column":55},"end":{"line":77,"column":1}},"line":49},"5":{"name":"(anonymous_5)","decl":{"start":{"line":55,"column":35},"end":{"line":55,"column":36}},"loc":{"start":{"line":55,"column":40},"end":{"line":55,"column":60}},"line":55},"6":{"name":"(anonymous_6)","decl":{"start":{"line":81,"column":28},"end":{"line":81,"column":29}},"loc":{"start":{"line":81,"column":52},"end":{"line":93,"column":1}},"line":81},"7":{"name":"(anonymous_7)","decl":{"start":{"line":84,"column":29},"end":{"line":84,"column":30}},"loc":{"start":{"line":84,"column":33},"end":{"line":84,"column":53}},"line":84}},"branchMap":{"0":{"loc":{"start":{"line":38,"column":6},"end":{"line":40,"column":7}},"type":"if","locations":[{"start":{"line":38,"column":6},"end":{"line":40,"column":7}},{"start":{},"end":{}}],"line":38},"1":{"loc":{"start":{"line":51,"column":9},"end":{"line":53,"column":5}},"type":"if","locations":[{"start":{"line":51,"column":9},"end":{"line":53,"column":5}},{"start":{},"end":{}}],"line":51},"2":{"loc":{"start":{"line":56,"column":6},"end":{"line":56,"column":62}},"type":"if","locations":[{"start":{"line":56,"column":6},"end":{"line":56,"column":62}},{"start":{},"end":{}}],"line":56},"3":{"loc":{"start":{"line":58,"column":7},"end":{"line":60,"column":8}},"type":"if","locations":[{"start":{"line":58,"column":7},"end":{"line":60,"column":8}},{"start":{},"end":{}}],"line":58},"4":{"loc":{"start":{"line":85,"column":5},"end":{"line":85,"column":55}},"type":"if","locations":[{"start":{"line":85,"column":5},"end":{"line":85,"column":55}},{"start":{},"end":{}}],"line":85},"5":{"loc":{"start":{"line":87,"column":4},"end":{"line":87,"column":81}},"type":"if","locations":[{"start":{"line":87,"column":4},"end":{"line":87,"column":81}},{"start":{},"end":{}}],"line":87}},"s":{"0":2,"1":2,"2":2,"3":0,"4":0,"5":0,"6":0,"7":2,"8":0,"9":2,"10":0,"11":0,"12":0,"13":0,"14":0,"15":0,"16":0,"17":0,"18":0,"19":0,"20":2,"21":0,"22":0,"23":0,"24":0,"25":0,"26":0,"27":0,"28":0,"29":0,"30":0,"31":0,"32":0,"33":0,"34":0,"35":0,"36":0,"37":2,"38":0,"39":0,"40":0,"41":0,"42":0,"43":0,"44":0,"45":0},"f":{"0":0,"1":0,"2":0,"3":0,"4":0,"5":0,"6":0,"7":0},"b":{"0":[0,0],"1":[0,0],"2":[0,0],"3":[0,0],"4":[0,0],"5":[0,0]},"_coverageSchema":"1a1c01bbd47fc00a2c39e90264f33305004495a9","hash":"89ebce10f0c6d6de245ed6de9bfe0495c07a02f4"}
,"C:\\Users\\wesse\\Desktop\\Traning\\middleware\\auth.js": {"path":"C:\\Users\\wesse\\Desktop\\Traning\\middleware\\auth.js","statementMap":{"0":{"start":{"line":8,"column":26},"end":{"line":31,"column":1}},"1":{"start":{"line":10,"column":23},"end":{"line":10,"column":48}},"2":{"start":{"line":12,"column":4},"end":{"line":15,"column":5}},"3":{"start":{"line":13,"column":8},"end":{"line":13,"column":63}},"4":{"start":{"line":17,"column":18},"end":{"line":17,"column":42}},"5":{"start":{"line":20,"column":4},"end":{"line":30,"column":5}},"6":{"start":{"line":21,"column":24},"end":{"line":21,"column":65}},"7":{"start":{"line":23,"column":8},"end":{"line":23,"column":26}},"8":{"start":{"line":24,"column":8},"end":{"line":24,"column":14}},"9":{"start":{"line":26,"column":8},"end":{"line":28,"column":9}},"10":{"start":{"line":27,"column":12},"end":{"line":27,"column":86}},"11":{"start":{"line":29,"column":8},"end":{"line":29,"column":61}}},"fnMap":{"0":{"name":"(anonymous_0)","decl":{"start":{"line":8,"column":26},"end":{"line":8,"column":27}},"loc":{"start":{"line":8,"column":46},"end":{"line":31,"column":1}},"line":8}},"branchMap":{"0":{"loc":{"start":{"line":12,"column":4},"end":{"line":15,"column":5}},"type":"if","locations":[{"start":{"line":12,"column":4},"end":{"line":15,"column":5}},{"start":{},"end":{}}],"line":12},"1":{"loc":{"start":{"line":12,"column":7},"end":{"line":12,"column":55}},"type":"binary-expr","locations":[{"start":{"line":12,"column":7},"end":{"line":12,"column":18}},{"start":{"line":12,"column":22},"end":{"line":12,"column":55}}],"line":12},"2":{"loc":{"start":{"line":26,"column":8},"end":{"line":28,"column":9}},"type":"if","locations":[{"start":{"line":26,"column":8},"end":{"line":28,"column":9}},{"start":{},"end":{}}],"line":26}},"s":{"0":2,"1":12,"2":12,"3":2,"4":10,"5":10,"6":10,"7":10,"8":10,"9":0,"10":0,"11":0},"f":{"0":12},"b":{"0":[2,10],"1":[12,10],"2":[0,0]},"_coverageSchema":"1a1c01bbd47fc00a2c39e90264f33305004495a9","hash":"5ad7afd371d43f459384e891d8b7a83c56d6f810"}
,"C:\\Users\\wesse\\Desktop\\Traning\\middleware\\errorHandler.js": {"path":"C:\\Users\\wesse\\Desktop\\Traning\\middleware\\errorHandler.js","statementMap":{"0":{"start":{"line":6,"column":28},"end":{"line":32,"column":1}},"1":{"start":{"line":8,"column":4},"end":{"line":10,"column":5}},"2":{"start":{"line":9,"column":8},"end":{"line":9,"column":68}},"3":{"start":{"line":12,"column":4},"end":{"line":20,"column":5}},"4":{"start":{"line":13,"column":8},"end":{"line":19,"column":10}},"5":{"start":{"line":15,"column":41},"end":{"line":18,"column":13}},"6":{"start":{"line":23,"column":4},"end":{"line":25,"column":5}},"7":{"start":{"line":24,"column":8},"end":{"line":24,"column":61}},"8":{"start":{"line":26,"column":4},"end":{"line":28,"column":5}},"9":{"start":{"line":27,"column":8},"end":{"line":27,"column":61}},"10":{"start":{"line":30,"column":4},"end":{"line":30,"column":41}},"11":{"start":{"line":31,"column":4},"end":{"line":31,"column":49}}},"fnMap":{"0":{"name":"(anonymous_0)","decl":{"start":{"line":6,"column":28},"end":{"line":6,"column":29}},"loc":{"start":{"line":6,"column":53},"end":{"line":32,"column":1}},"line":6},"1":{"name":"(anonymous_1)","decl":{"start":{"line":15,"column":35},"end":{"line":15,"column":36}},"loc":{"start":{"line":15,"column":41},"end":{"line":18,"column":13}},"line":15}},"branchMap":{"0":{"loc":{"start":{"line":8,"column":4},"end":{"line":10,"column":5}},"type":"if","locations":[{"start":{"line":8,"column":4},"end":{"line":10,"column":5}},{"start":{},"end":{}}],"line":8},"1":{"loc":{"start":{"line":12,"column":4},"end":{"line":20,"column":5}},"type":"if","locations":[{"start":{"line":12,"column":4},"end":{"line":20,"column":5}},{"start":{},"end":{}}],"line":12},"2":{"loc":{"start":{"line":23,"column":4},"end":{"line":25,"column":5}},"type":"if","locations":[{"start":{"line":23,"column":4},"end":{"line":25,"column":5}},{"start":{},"end":{}}],"line":23},"3":{"loc":{"start":{"line":26,"column":4},"end":{"line":28,"column":5}},"type":"if","locations":[{"start":{"line":26,"column":4},"end":{"line":28,"column":5}},{"start":{},"end":{}}],"line":26}},"s":{"0":2,"1":0,"2":0,"3":0,"4":0,"5":0,"6":0,"7":0,"8":0,"9":0,"10":0,"11":0},"f":{"0":0,"1":0},"b":{"0":[0,0],"1":[0,0],"2":[0,0],"3":[0,0]},"_coverageSchema":"1a1c01bbd47fc00a2c39e90264f33305004495a9","hash":"6f556c7ecf0439a7df90c5190e3a9e1455df2684"}
,"C:\\Users\\wesse\\Desktop\\Traning\\middleware\\logger.js": {"path":"C:\\Users\\wesse\\Desktop\\Traning\\middleware\\logger.js","statementMap":{"0":{"start":{"line":9,"column":22},"end":{"line":19,"column":1}},"1":{"start":{"line":11,"column":18},"end":{"line":11,"column":28}},"2":{"start":{"line":12,"column":4},"end":{"line":12,"column":43}},"3":{"start":{"line":14,"column":4},"end":{"line":17,"column":6}},"4":{"start":{"line":15,"column":19},"end":{"line":15,"column":37}},"5":{"start":{"line":16,"column":8},"end":{"line":16,"column":61}},"6":{"start":{"line":18,"column":4},"end":{"line":18,"column":10}}},"fnMap":{"0":{"name":"(anonymous_0)","decl":{"start":{"line":9,"column":22},"end":{"line":9,"column":23}},"loc":{"start":{"line":9,"column":39},"end":{"line":19,"column":1}},"line":9},"1":{"name":"(anonymous_1)","decl":{"start":{"line":14,"column":21},"end":{"line":14,"column":22}},"loc":{"start":{"line":14,"column":27},"end":{"line":17,"column":5}},"line":14}},"branchMap":{},"s":{"0":2,"1":25,"2":25,"3":25,"4":25,"5":25,"6":25},"f":{"0":25,"1":25},"b":{},"_coverageSchema":"1a1c01bbd47fc00a2c39e90264f33305004495a9","hash":"74f8d0c82392667901ec115c3c1b5eb3b10f1c99"}
,"C:\\Users\\wesse\\Desktop\\Traning\\middleware\\upload.js": {"path":"C:\\Users\\wesse\\Desktop\\Traning\\middleware\\upload.js","statementMap":{"0":{"start":{"line":6,"column":22},"end":{"line":25,"column":2}},"1":{"start":{"line":15,"column":5},"end":{"line":15,"column":50}},"2":{"start":{"line":16,"column":8},"end":{"line":16,"column":49}},"3":{"start":{"line":17,"column":20},"end":{"line":17,"column":74}},"4":{"start":{"line":19,"column":4},"end":{"line":23,"column":5}},"5":{"start":{"line":20,"column":6},"end":{"line":20,"column":20}},"6":{"start":{"line":22,"column":6},"end":{"line":22,"column":78}}},"fnMap":{"0":{"name":"(anonymous_0)","decl":{"start":{"line":13,"column":14},"end":{"line":13,"column":15}},"loc":{"start":{"line":13,"column":33},"end":{"line":24,"column":3}},"line":13}},"branchMap":{"0":{"loc":{"start":{"line":19,"column":4},"end":{"line":23,"column":5}},"type":"if","locations":[{"start":{"line":19,"column":4},"end":{"line":23,"column":5}},{"start":{"line":21,"column":11},"end":{"line":23,"column":5}}],"line":19}},"s":{"0":2,"1":0,"2":0,"3":0,"4":0,"5":0,"6":0},"f":{"0":0},"b":{"0":[0,0]},"_coverageSchema":"1a1c01bbd47fc00a2c39e90264f33305004495a9","hash":"7b0847e9f6e88245532bff7d633f07cb9297afca"}
,"C:\\Users\\wesse\\Desktop\\Traning\\middleware\\validate.js": {"path":"C:\\Users\\wesse\\Desktop\\Traning\\middleware\\validate.js","statementMap":{"0":{"start":{"line":1,"column":24},"end":{"line":18,"column":1}},"1":{"start":{"line":1,"column":36},"end":{"line":18,"column":1}},"2":{"start":{"line":2,"column":15},"end":{"line":2,"column":41}},"3":{"start":{"line":4,"column":0},"end":{"line":13,"column":1}},"4":{"start":{"line":7,"column":19},"end":{"line":10,"column":7}},"5":{"start":{"line":7,"column":53},"end":{"line":10,"column":5}},"6":{"start":{"line":12,"column":4},"end":{"line":12,"column":69}},"7":{"start":{"line":16,"column":0},"end":{"line":16,"column":22}},"8":{"start":{"line":17,"column":0},"end":{"line":17,"column":6}}},"fnMap":{"0":{"name":"(anonymous_0)","decl":{"start":{"line":1,"column":24},"end":{"line":1,"column":25}},"loc":{"start":{"line":1,"column":36},"end":{"line":18,"column":1}},"line":1},"1":{"name":"(anonymous_1)","decl":{"start":{"line":1,"column":36},"end":{"line":1,"column":37}},"loc":{"start":{"line":1,"column":53},"end":{"line":18,"column":1}},"line":1},"2":{"name":"(anonymous_2)","decl":{"start":{"line":7,"column":43},"end":{"line":7,"column":44}},"loc":{"start":{"line":7,"column":53},"end":{"line":10,"column":5}},"line":7}},"branchMap":{"0":{"loc":{"start":{"line":4,"column":0},"end":{"line":13,"column":1}},"type":"if","locations":[{"start":{"line":4,"column":0},"end":{"line":13,"column":1}},{"start":{},"end":{}}],"line":4}},"s":{"0":2,"1":8,"2":17,"3":17,"4":4,"5":4,"6":4,"7":13,"8":13},"f":{"0":8,"1":17,"2":4},"b":{"0":[4,13]},"_coverageSchema":"1a1c01bbd47fc00a2c39e90264f33305004495a9","hash":"a0fb9b93155dce1cb00e60f14dc9cf6dcbbd95e3"}
,"C:\\Users\\wesse\\Desktop\\Traning\\routes\\auth.js": {"path":"C:\\Users\\wesse\\Desktop\\Traning\\routes\\auth.js","statementMap":{"0":{"start":{"line":12,"column":15},"end":{"line":12,"column":23}},"1":{"start":{"line":15,"column":20},"end":{"line":20,"column":2}},"2":{"start":{"line":23,"column":0},"end":{"line":23,"column":23}},"3":{"start":{"line":25,"column":0},"end":{"line":25,"column":64}},"4":{"start":{"line":26,"column":0},"end":{"line":26,"column":56}}},"fnMap":{},"branchMap":{},"s":{"0":2,"1":2,"2":2,"3":2,"4":2},"f":{},"b":{},"_coverageSchema":"1a1c01bbd47fc00a2c39e90264f33305004495a9","hash":"609b8216eb97529491f5cf75bb49c9cbcdbd816d"}
,"C:\\Users\\wesse\\Desktop\\Traning\\routes\\todo.js": {"path":"C:\\Users\\wesse\\Desktop\\Traning\\routes\\todo.js","statementMap":{"0":{"start":{"line":11,"column":15},"end":{"line":11,"column":23}},"1":{"start":{"line":14,"column":0},"end":{"line":14,"column":23}},"2":{"start":{"line":16,"column":0},"end":{"line":16,"column":27}},"3":{"start":{"line":17,"column":0},"end":{"line":17,"column":31}},"4":{"start":{"line":18,"column":0},"end":{"line":18,"column":51}},"5":{"start":{"line":19,"column":0},"end":{"line":19,"column":57}},"6":{"start":{"line":20,"column":0},"end":{"line":20,"column":33}}},"fnMap":{},"branchMap":{},"s":{"0":2,"1":2,"2":2,"3":2,"4":2,"5":2,"6":2},"f":{},"b":{},"_coverageSchema":"1a1c01bbd47fc00a2c39e90264f33305004495a9","hash":"0be6f6dc879d57bdf602cd16041eb9095c755f76"}
,"C:\\Users\\wesse\\Desktop\\Traning\\routes\\user.js": {"path":"C:\\Users\\wesse\\Desktop\\Traning\\routes\\user.js","statementMap":{"0":{"start":{"line":6,"column":15},"end":{"line":6,"column":23}},"1":{"start":{"line":7,"column":0},"end":{"line":7,"column":23}},"2":{"start":{"line":8,"column":0},"end":{"line":8,"column":34}},"3":{"start":{"line":9,"column":0},"end":{"line":9,"column":62}}},"fnMap":{},"branchMap":{},"s":{"0":2,"1":2,"2":2,"3":2},"f":{},"b":{},"_coverageSchema":"1a1c01bbd47fc00a2c39e90264f33305004495a9","hash":"96f1bdc9cb3828a61482ee09e866a90b0666752d"}
,"C:\\Users\\wesse\\Desktop\\Traning\\schemas\\index.js": {"path":"C:\\Users\\wesse\\Desktop\\Traning\\schemas\\index.js","statementMap":{"0":{"start":{"line":6,"column":31},"end":{"line":19,"column":2}},"1":{"start":{"line":23,"column":28},"end":{"line":30,"column":2}},"2":{"start":{"line":33,"column":27},"end":{"line":38,"column":2}},"3":{"start":{"line":40,"column":29},"end":{"line":40,"column":50}}},"fnMap":{},"branchMap":{},"s":{"0":2,"1":2,"2":2,"3":2},"f":{},"b":{},"_coverageSchema":"1a1c01bbd47fc00a2c39e90264f33305004495a9","hash":"31909c4957b843f4304e00ac123695dee33db168"}
,"C:\\Users\\wesse\\Desktop\\Traning\\utils\\AppError.js": {"path":"C:\\Users\\wesse\\Desktop\\Traning\\utils\\AppError.js","statementMap":{"0":{"start":{"line":7,"column":8},"end":{"line":7,"column":22}},"1":{"start":{"line":8,"column":8},"end":{"line":8,"column":36}},"2":{"start":{"line":9,"column":8},"end":{"line":9,"column":33}}},"fnMap":{"0":{"name":"(anonymous_0)","decl":{"start":{"line":6,"column":4},"end":{"line":6,"column":5}},"loc":{"start":{"line":6,"column":38},"end":{"line":10,"column":5}},"line":6}},"branchMap":{},"s":{"0":7,"1":7,"2":7},"f":{"0":7},"b":{},"_coverageSchema":"1a1c01bbd47fc00a2c39e90264f33305004495a9","hash":"6969e2e0c5f2f42aa607188225ecfb2c2afcc5d2"}
,"C:\\Users\\wesse\\Desktop\\Traning\\utils\\uploadToCloud.js": {"path":"C:\\Users\\wesse\\Desktop\\Traning\\utils\\uploadToCloud.js","statementMap":{"0":{"start":{"line":6,"column":29},"end":{"line":27,"column":1}},"1":{"start":{"line":7,"column":4},"end":{"line":26,"column":6}},"2":{"start":{"line":10,"column":23},"end":{"line":23,"column":9}},"3":{"start":{"line":20,"column":16},"end":{"line":21,"column":38}},"4":{"start":{"line":20,"column":27},"end":{"line":20,"column":40}},"5":{"start":{"line":21,"column":23},"end":{"line":21,"column":38}},"6":{"start":{"line":25,"column":8},"end":{"line":25,"column":26}},"7":{"start":{"line":29,"column":30},"end":{"line":33,"column":1}},"8":{"start":{"line":30,"column":0},"end":{"line":31,"column":10}},"9":{"start":{"line":31,"column":4},"end":{"line":31,"column":10}},"10":{"start":{"line":32,"column":8},"end":{"line":32,"column":51}}},"fnMap":{"0":{"name":"(anonymous_0)","decl":{"start":{"line":6,"column":29},"end":{"line":6,"column":30}},"loc":{"start":{"line":6,"column":54},"end":{"line":27,"column":1}},"line":6},"1":{"name":"(anonymous_1)","decl":{"start":{"line":7,"column":23},"end":{"line":7,"column":24}},"loc":{"start":{"line":7,"column":44},"end":{"line":26,"column":5}},"line":7},"2":{"name":"(anonymous_2)","decl":{"start":{"line":19,"column":12},"end":{"line":19,"column":13}},"loc":{"start":{"line":19,"column":31},"end":{"line":22,"column":17}},"line":19},"3":{"name":"(anonymous_3)","decl":{"start":{"line":29,"column":30},"end":{"line":29,"column":31}},"loc":{"start":{"line":29,"column":50},"end":{"line":33,"column":1}},"line":29}},"branchMap":{"0":{"loc":{"start":{"line":6,"column":38},"end":{"line":6,"column":48}},"type":"default-arg","locations":[{"start":{"line":6,"column":46},"end":{"line":6,"column":48}}],"line":6},"1":{"loc":{"start":{"line":20,"column":16},"end":{"line":21,"column":38}},"type":"if","locations":[{"start":{"line":20,"column":16},"end":{"line":21,"column":38}},{"start":{"line":21,"column":23},"end":{"line":21,"column":38}}],"line":20},"2":{"loc":{"start":{"line":30,"column":0},"end":{"line":31,"column":10}},"type":"if","locations":[{"start":{"line":30,"column":0},"end":{"line":31,"column":10}},{"start":{},"end":{}}],"line":30}},"s":{"0":2,"1":0,"2":0,"3":0,"4":0,"5":0,"6":0,"7":2,"8":0,"9":0,"10":0},"f":{"0":0,"1":0,"2":0,"3":0},"b":{"0":[0],"1":[0,0],"2":[0,0]},"_coverageSchema":"1a1c01bbd47fc00a2c39e90264f33305004495a9","hash":"8f4b75c639209f7133173f2970f0221251c125fd"}
}
