TN:
SF:index.js
FN:47,(anonymous_0)
FNF:1
FNH:0
FNDA:0,(anonymous_0)
DA:13,2
DA:14,2
DA:18,2
DA:20,2
DA:27,2
DA:37,2
DA:38,2
DA:40,2
DA:41,2
DA:43,2
DA:44,2
DA:45,2
DA:47,2
DA:48,0
LF:14
LH:13
BRDA:14,0,0,2
BRDA:14,0,1,0
BRDA:21,1,0,2
BRDA:21,1,1,0
BRF:4
BRH:2
end_of_record
TN:
SF:config\cloudinary.js
FNF:0
FNH:0
DA:4,2
LF:1
LH:1
BRF:0
BRH:0
end_of_record
TN:
SF:controller\auth.js
FN:14,(anonymous_0)
FN:25,(anonymous_1)
FN:30,(anonymous_2)
FN:39,(anonymous_3)
FN:47,(anonymous_4)
FN:82,(anonymous_5)
FN:90,(anonymous_6)
FN:109,(anonymous_7)
FNF:8
FNH:7
FNDA:9,(anonymous_0)
FNDA:3,(anonymous_1)
FNDA:6,(anonymous_2)
FNDA:4,(anonymous_3)
FNDA:22,(anonymous_4)
FNDA:5,(anonymous_5)
FNDA:32,(anonymous_6)
FNDA:0,(anonymous_7)
DA:9,2
DA:10,2
DA:14,2
DA:15,9
DA:16,9
DA:17,9
DA:19,0
DA:25,2
DA:26,3
DA:30,2
DA:31,6
DA:39,2
DA:41,4
DA:42,4
DA:46,4
DA:47,22
DA:49,4
DA:50,1
DA:54,3
DA:56,3
DA:66,3
DA:68,3
DA:69,3
DA:72,3
DA:75,1
DA:82,2
DA:84,5
DA:86,5
DA:89,5
DA:90,32
DA:92,5
DA:93,2
DA:97,3
DA:99,3
DA:102,2
DA:109,2
DA:110,0
LF:37
LH:35
BRDA:49,0,0,1
BRDA:49,0,1,3
BRDA:92,1,0,2
BRDA:92,1,1,3
BRDA:92,2,0,5
BRDA:92,2,1,4
BRF:6
BRH:6
end_of_record
TN:
SF:controller\todo.js
FN:15,(anonymous_0)
FN:24,(anonymous_1)
FN:31,(anonymous_2)
FN:38,(anonymous_3)
FN:47,(anonymous_4)
FN:64,(anonymous_5)
FN:69,(anonymous_6)
FN:92,(anonymous_7)
FN:120,(anonymous_8)
FN:127,(anonymous_9)
FN:155,(anonymous_10)
FN:159,(anonymous_11)
FN:168,(anonymous_12)
FNF:13
FNH:9
FNDA:8,(anonymous_0)
FNDA:3,(anonymous_1)
FNDA:1,(anonymous_2)
FNDA:0,(anonymous_3)
FNDA:0,(anonymous_4)
FNDA:0,(anonymous_5)
FNDA:0,(anonymous_6)
FNDA:1,(anonymous_7)
FNDA:3,(anonymous_8)
FNDA:3,(anonymous_9)
FNDA:3,(anonymous_10)
FNDA:2,(anonymous_11)
FNDA:1,(anonymous_12)
DA:10,2
DA:11,2
DA:15,2
DA:16,8
DA:17,8
DA:18,8
DA:20,2
DA:24,2
DA:25,3
DA:31,2
DA:33,1
DA:34,1
DA:35,1
DA:37,1
DA:38,1
DA:41,1
DA:42,1
DA:46,0
DA:47,0
DA:48,0
DA:49,0
DA:54,0
DA:58,0
DA:64,2
DA:65,0
DA:66,0
DA:67,0
DA:68,0
DA:69,0
DA:73,0
DA:74,0
DA:77,0
DA:78,0
DA:81,0
DA:84,0
DA:92,2
DA:93,1
DA:94,1
DA:97,1
DA:99,1
DA:107,1
DA:108,1
DA:110,1
DA:113,0
DA:120,2
DA:122,3
DA:123,3
DA:124,3
DA:126,3
DA:127,3
DA:129,3
DA:130,1
DA:132,2
DA:133,1
DA:135,1
DA:137,1
DA:138,1
DA:141,1
DA:142,0
DA:146,1
DA:148,1
DA:150,2
DA:155,2
DA:156,3
DA:157,3
DA:158,3
DA:159,3
DA:160,3
DA:161,3
DA:162,1
DA:164,2
DA:165,1
DA:167,1
DA:168,1
DA:169,1
DA:171,1
DA:173,2
LF:77
LH:58
BRDA:41,0,0,1
BRDA:41,0,1,0
BRDA:46,1,0,0
BRDA:46,1,1,0
BRDA:46,2,0,0
BRDA:46,2,1,0
BRDA:48,3,0,0
BRDA:48,3,1,0
BRDA:73,4,0,0
BRDA:73,4,1,0
BRDA:77,5,0,0
BRDA:77,5,1,0
BRDA:129,6,0,1
BRDA:129,6,1,2
BRDA:132,7,0,1
BRDA:132,7,1,1
BRDA:137,8,0,1
BRDA:137,8,1,0
BRDA:141,9,0,0
BRDA:141,9,1,1
BRDA:161,10,0,1
BRDA:161,10,1,2
BRDA:164,11,0,1
BRDA:164,11,1,1
BRF:24
BRH:11
end_of_record
TN:
SF:controller\user.js
FN:14,(anonymous_0)
FN:23,(anonymous_1)
FN:31,(anonymous_2)
FN:36,(anonymous_3)
FN:49,(anonymous_4)
FN:55,(anonymous_5)
FN:81,(anonymous_6)
FN:84,(anonymous_7)
FNF:8
FNH:0
FNDA:0,(anonymous_0)
FNDA:0,(anonymous_1)
FNDA:0,(anonymous_2)
FNDA:0,(anonymous_3)
FNDA:0,(anonymous_4)
FNDA:0,(anonymous_5)
FNDA:0,(anonymous_6)
FNDA:0,(anonymous_7)
DA:9,2
DA:10,2
DA:14,2
DA:15,0
DA:16,0
DA:17,0
DA:19,0
DA:23,2
DA:24,0
DA:31,2
DA:32,0
DA:34,0
DA:35,0
DA:36,0
DA:38,0
DA:39,0
DA:41,0
DA:42,0
DA:44,0
DA:49,2
DA:50,0
DA:51,0
DA:52,0
DA:54,0
DA:55,0
DA:56,0
DA:58,0
DA:59,0
DA:63,0
DA:68,0
DA:69,0
DA:71,0
DA:73,0
DA:75,0
DA:81,2
DA:82,0
DA:83,0
DA:84,0
DA:85,0
DA:87,0
LF:40
LH:7
BRDA:38,0,0,0
BRDA:38,0,1,0
BRDA:51,1,0,0
BRDA:51,1,1,0
BRDA:56,2,0,0
BRDA:56,2,1,0
BRDA:58,3,0,0
BRDA:58,3,1,0
BRDA:85,4,0,0
BRDA:85,4,1,0
BRDA:87,5,0,0
BRDA:87,5,1,0
BRF:12
BRH:0
end_of_record
TN:
SF:middleware\auth.js
FN:8,(anonymous_0)
FNF:1
FNH:1
FNDA:12,(anonymous_0)
DA:8,2
DA:10,12
DA:12,12
DA:13,2
DA:17,10
DA:20,10
DA:21,10
DA:23,10
DA:24,10
DA:26,0
DA:27,0
DA:29,0
LF:12
LH:9
BRDA:12,0,0,2
BRDA:12,0,1,10
BRDA:12,1,0,12
BRDA:12,1,1,10
BRDA:26,2,0,0
BRDA:26,2,1,0
BRF:6
BRH:4
end_of_record
TN:
SF:middleware\errorHandler.js
FN:6,(anonymous_0)
FN:15,(anonymous_1)
FNF:2
FNH:0
FNDA:0,(anonymous_0)
FNDA:0,(anonymous_1)
DA:6,2
DA:8,0
DA:9,0
DA:12,0
DA:13,0
DA:15,0
DA:23,0
DA:24,0
DA:26,0
DA:27,0
DA:30,0
DA:31,0
LF:12
LH:1
BRDA:8,0,0,0
BRDA:8,0,1,0
BRDA:12,1,0,0
BRDA:12,1,1,0
BRDA:23,2,0,0
BRDA:23,2,1,0
BRDA:26,3,0,0
BRDA:26,3,1,0
BRF:8
BRH:0
end_of_record
TN:
SF:middleware\logger.js
FN:9,(anonymous_0)
FN:14,(anonymous_1)
FNF:2
FNH:2
FNDA:25,(anonymous_0)
FNDA:25,(anonymous_1)
DA:9,2
DA:11,25
DA:12,25
DA:14,25
DA:15,25
DA:16,25
DA:18,25
LF:7
LH:7
BRF:0
BRH:0
end_of_record
TN:
SF:middleware\upload.js
FN:13,(anonymous_0)
FNF:1
FNH:0
FNDA:0,(anonymous_0)
DA:6,2
DA:15,0
DA:16,0
DA:17,0
DA:19,0
DA:20,0
DA:22,0
LF:7
LH:1
BRDA:19,0,0,0
BRDA:19,0,1,0
BRF:2
BRH:0
end_of_record
TN:
SF:middleware\validate.js
FN:1,(anonymous_0)
FN:1,(anonymous_1)
FN:7,(anonymous_2)
FNF:3
FNH:3
FNDA:8,(anonymous_0)
FNDA:17,(anonymous_1)
FNDA:4,(anonymous_2)
DA:1,8
DA:2,17
DA:4,17
DA:7,4
DA:12,4
DA:16,13
DA:17,13
LF:7
LH:7
BRDA:4,0,0,4
BRDA:4,0,1,13
BRF:2
BRH:2
end_of_record
TN:
SF:routes\auth.js
FNF:0
FNH:0
DA:12,2
DA:15,2
DA:23,2
DA:25,2
DA:26,2
LF:5
LH:5
BRF:0
BRH:0
end_of_record
TN:
SF:routes\todo.js
FNF:0
FNH:0
DA:11,2
DA:14,2
DA:16,2
DA:17,2
DA:18,2
DA:19,2
DA:20,2
LF:7
LH:7
BRF:0
BRH:0
end_of_record
TN:
SF:routes\user.js
FNF:0
FNH:0
DA:6,2
DA:7,2
DA:8,2
DA:9,2
LF:4
LH:4
BRF:0
BRH:0
end_of_record
TN:
SF:schemas\index.js
FNF:0
FNH:0
DA:6,2
DA:23,2
DA:33,2
DA:40,2
LF:4
LH:4
BRF:0
BRH:0
end_of_record
TN:
SF:utils\AppError.js
FN:6,(anonymous_0)
FNF:1
FNH:1
FNDA:7,(anonymous_0)
DA:7,7
DA:8,7
DA:9,7
LF:3
LH:3
BRF:0
BRH:0
end_of_record
TN:
SF:utils\uploadToCloud.js
FN:6,(anonymous_0)
FN:7,(anonymous_1)
FN:19,(anonymous_2)
FN:29,(anonymous_3)
FNF:4
FNH:0
FNDA:0,(anonymous_0)
FNDA:0,(anonymous_1)
FNDA:0,(anonymous_2)
FNDA:0,(anonymous_3)
DA:6,2
DA:7,0
DA:10,0
DA:20,0
DA:21,0
DA:25,0
DA:29,2
DA:30,0
DA:31,0
DA:32,0
LF:10
LH:2
BRDA:6,0,0,0
BRDA:20,1,0,0
BRDA:20,1,1,0
BRDA:30,2,0,0
BRDA:30,2,1,0
BRF:5
BRH:0
end_of_record
